<?xml version="1.0" encoding="UTF-8"?>
<testsuite xmlns:xsi="http://www.w3.org/2001/XMLSchema-instance" xsi:noNamespaceSchemaLocation="https://maven.apache.org/surefire/maven-surefire-plugin/xsd/surefire-test-report-3.0.xsd" version="3.0" name="au.edu.rmit.sept.supermarkets.products.Repositories.NotificationsRepositoryImplTest" time="0.133" tests="5" errors="0" skipped="0" failures="0">
  <properties>
[...]
</properties>
  <testcase name="deleteNotification" classname="au.edu.rmit.sept.supermarkets.products.Repositories.NotificationsRepositoryImplTest" time="0.032">
    <system-out><![CDATA[2023-09-23T11:24:05.687+10:00  INFO 593 --- [           main] t.c.s.AnnotationConfigContextLoaderUtils : Could not detect default configuration classes for test class [au.edu.rmit.sept.supermarkets.products.Repositories.NotificationsRepositoryImplTest]: NotificationsRepositoryImplTest does not declare any static, non-private, non-final, nested classes annotated with @Configuration.
2023-09-23T11:24:05.688+10:00  INFO 593 --- [           main] .b.t.c.SpringBootTestContextBootstrapper : Found @SpringBootConfiguration au.edu.rmit.sept.supermarkets.products.ProductsApplication for test class au.edu.rmit.sept.supermarkets.products.Repositories.NotificationsRepositoryImplTest
2023-09-23T11:24:05.694+10:00  INFO 593 --- [           main] o.f.c.i.s.JdbcTableSchemaHistory         : Schema history table "PUBLIC"."flyway_schema_history" does not exist yet
2023-09-23T11:24:05.694+10:00  INFO 593 --- [           main] o.f.core.internal.command.DbValidate     : Successfully validated 22 migrations (execution time 00:00.003s)
2023-09-23T11:24:05.694+10:00  INFO 593 --- [           main] o.f.c.i.s.JdbcTableSchemaHistory         : Creating Schema History table "PUBLIC"."flyway_schema_history" ...
2023-09-23T11:24:05.695+10:00  INFO 593 --- [           main] o.f.core.internal.command.DbMigrate      : Current version of schema "PUBLIC": << Empty Schema >>
2023-09-23T11:24:05.696+10:00  INFO 593 --- [           main] o.f.core.internal.command.DbMigrate      : Migrating schema "PUBLIC" to version "1 - create customers"
2023-09-23T11:24:05.698+10:00  INFO 593 --- [           main] o.f.core.internal.command.DbMigrate      : Migrating schema "PUBLIC" to version "2 - create categories"
2023-09-23T11:24:05.699+10:00  INFO 593 --- [           main] o.f.core.internal.command.DbMigrate      : Migrating schema "PUBLIC" to version "3 - create products"
2023-09-23T11:24:05.700+10:00  INFO 593 --- [           main] o.f.core.internal.command.DbMigrate      : Migrating schema "PUBLIC" to version "4 - create notifications"
2023-09-23T11:24:05.701+10:00  INFO 593 --- [           main] o.f.core.internal.command.DbMigrate      : Migrating schema "PUBLIC" to version "5 - create deliveries"
2023-09-23T11:24:05.701+10:00  INFO 593 --- [           main] o.f.core.internal.command.DbMigrate      : Migrating schema "PUBLIC" to version "6 - create carts"
2023-09-23T11:24:05.702+10:00  INFO 593 --- [           main] o.f.core.internal.command.DbMigrate      : Migrating schema "PUBLIC" to version "7 - create current prices"
2023-09-23T11:24:05.703+10:00  INFO 593 --- [           main] o.f.core.internal.command.DbMigrate      : Migrating schema "PUBLIC" to version "8 - create cart contents"
2023-09-23T11:24:05.704+10:00  INFO 593 --- [           main] o.f.core.internal.command.DbMigrate      : Migrating schema "PUBLIC" to version "9 - create delivery contents"
2023-09-23T11:24:05.710+10:00  INFO 593 --- [           main] o.f.core.internal.command.DbMigrate      : Migrating schema "PUBLIC" to version "10 - create notifications associations"
2023-09-23T11:24:05.711+10:00  INFO 593 --- [           main] o.f.core.internal.command.DbMigrate      : Migrating schema "PUBLIC" to version "11 - create price histories"
2023-09-23T11:24:05.713+10:00  INFO 593 --- [           main] o.f.core.internal.command.DbMigrate      : Migrating schema "PUBLIC" to version "12 - insert customer"
2023-09-23T11:24:05.714+10:00  INFO 593 --- [           main] o.f.core.internal.command.DbMigrate      : Migrating schema "PUBLIC" to version "13 - insert categories"
2023-09-23T11:24:05.715+10:00  INFO 593 --- [           main] o.f.core.internal.command.DbMigrate      : Migrating schema "PUBLIC" to version "14 - insert product"
2023-09-23T11:24:05.716+10:00  INFO 593 --- [           main] o.f.core.internal.command.DbMigrate      : Migrating schema "PUBLIC" to version "15 - insert delivery"
2023-09-23T11:24:05.716+10:00  INFO 593 --- [           main] o.f.core.internal.command.DbMigrate      : Migrating schema "PUBLIC" to version "16 - insert cart"
2023-09-23T11:24:05.717+10:00  INFO 593 --- [           main] o.f.core.internal.command.DbMigrate      : Migrating schema "PUBLIC" to version "17 - insert notification"
2023-09-23T11:24:05.717+10:00  INFO 593 --- [           main] o.f.core.internal.command.DbMigrate      : Migrating schema "PUBLIC" to version "18 - insert cart contents"
2023-09-23T11:24:05.718+10:00  INFO 593 --- [           main] o.f.core.internal.command.DbMigrate      : Successfully applied 18 migrations to schema "PUBLIC", now at version v18 (execution time 00:00.022s)
2023-09-23T11:24:05.720+10:00  INFO 593 --- [           main] o.f.c.i.command.clean.CleanExecutor      : Successfully dropped pre-schema database level objects (execution time 00:00.000s)
2023-09-23T11:24:05.720+10:00  INFO 593 --- [           main] o.f.c.i.command.clean.CleanExecutor      : Successfully cleaned schema "PUBLIC" (execution time 00:00.000s)
2023-09-23T11:24:05.721+10:00  INFO 593 --- [           main] o.f.c.i.command.clean.CleanExecutor      : Successfully cleaned schema "PUBLIC" (execution time 00:00.000s)
2023-09-23T11:24:05.721+10:00  INFO 593 --- [           main] o.f.c.i.command.clean.CleanExecutor      : Successfully dropped post-schema database level objects (execution time 00:00.000s)
]]></system-out>
  </testcase>
  <testcase name="insertNotification" classname="au.edu.rmit.sept.supermarkets.products.Repositories.NotificationsRepositoryImplTest" time="0.025">
    <system-out><![CDATA[2023-09-23T11:24:05.726+10:00  INFO 593 --- [           main] o.f.c.i.s.JdbcTableSchemaHistory         : Schema history table "PUBLIC"."flyway_schema_history" does not exist yet
2023-09-23T11:24:05.726+10:00  INFO 593 --- [           main] o.f.core.internal.command.DbValidate     : Successfully validated 22 migrations (execution time 00:00.002s)
2023-09-23T11:24:05.726+10:00  INFO 593 --- [           main] o.f.c.i.s.JdbcTableSchemaHistory         : Creating Schema History table "PUBLIC"."flyway_schema_history" ...
2023-09-23T11:24:05.727+10:00  INFO 593 --- [           main] o.f.core.internal.command.DbMigrate      : Current version of schema "PUBLIC": << Empty Schema >>
2023-09-23T11:24:05.727+10:00  INFO 593 --- [           main] o.f.core.internal.command.DbMigrate      : Migrating schema "PUBLIC" to version "1 - create customers"
2023-09-23T11:24:05.728+10:00  INFO 593 --- [           main] o.f.core.internal.command.DbMigrate      : Migrating schema "PUBLIC" to version "2 - create categories"
2023-09-23T11:24:05.729+10:00  INFO 593 --- [           main] o.f.core.internal.command.DbMigrate      : Migrating schema "PUBLIC" to version "3 - create products"
2023-09-23T11:24:05.730+10:00  INFO 593 --- [           main] o.f.core.internal.command.DbMigrate      : Migrating schema "PUBLIC" to version "4 - create notifications"
2023-09-23T11:24:05.731+10:00  INFO 593 --- [           main] o.f.core.internal.command.DbMigrate      : Migrating schema "PUBLIC" to version "5 - create deliveries"
2023-09-23T11:24:05.732+10:00  INFO 593 --- [           main] o.f.core.internal.command.DbMigrate      : Migrating schema "PUBLIC" to version "6 - create carts"
2023-09-23T11:24:05.733+10:00  INFO 593 --- [           main] o.f.core.internal.command.DbMigrate      : Migrating schema "PUBLIC" to version "7 - create current prices"
2023-09-23T11:24:05.734+10:00  INFO 593 --- [           main] o.f.core.internal.command.DbMigrate      : Migrating schema "PUBLIC" to version "8 - create cart contents"
2023-09-23T11:24:05.735+10:00  INFO 593 --- [           main] o.f.core.internal.command.DbMigrate      : Migrating schema "PUBLIC" to version "9 - create delivery contents"
2023-09-23T11:24:05.736+10:00  INFO 593 --- [           main] o.f.core.internal.command.DbMigrate      : Migrating schema "PUBLIC" to version "10 - create notifications associations"
2023-09-23T11:24:05.737+10:00  INFO 593 --- [           main] o.f.core.internal.command.DbMigrate      : Migrating schema "PUBLIC" to version "11 - create price histories"
2023-09-23T11:24:05.738+10:00  INFO 593 --- [           main] o.f.core.internal.command.DbMigrate      : Migrating schema "PUBLIC" to version "12 - insert customer"
2023-09-23T11:24:05.738+10:00  INFO 593 --- [           main] o.f.core.internal.command.DbMigrate      : Migrating schema "PUBLIC" to version "13 - insert categories"
2023-09-23T11:24:05.739+10:00  INFO 593 --- [           main] o.f.core.internal.command.DbMigrate      : Migrating schema "PUBLIC" to version "14 - insert product"
2023-09-23T11:24:05.739+10:00  INFO 593 --- [           main] o.f.core.internal.command.DbMigrate      : Migrating schema "PUBLIC" to version "15 - insert delivery"
2023-09-23T11:24:05.740+10:00  INFO 593 --- [           main] o.f.core.internal.command.DbMigrate      : Migrating schema "PUBLIC" to version "16 - insert cart"
2023-09-23T11:24:05.741+10:00  INFO 593 --- [           main] o.f.core.internal.command.DbMigrate      : Migrating schema "PUBLIC" to version "17 - insert notification"
2023-09-23T11:24:05.742+10:00  INFO 593 --- [           main] o.f.core.internal.command.DbMigrate      : Migrating schema "PUBLIC" to version "18 - insert cart contents"
2023-09-23T11:24:05.742+10:00  INFO 593 --- [           main] o.f.core.internal.command.DbMigrate      : Successfully applied 18 migrations to schema "PUBLIC", now at version v18 (execution time 00:00.015s)
2023-09-23T11:24:05.745+10:00  INFO 593 --- [           main] o.f.c.i.command.clean.CleanExecutor      : Successfully dropped pre-schema database level objects (execution time 00:00.000s)
2023-09-23T11:24:05.746+10:00  INFO 593 --- [           main] o.f.c.i.command.clean.CleanExecutor      : Successfully cleaned schema "PUBLIC" (execution time 00:00.000s)
2023-09-23T11:24:05.746+10:00  INFO 593 --- [           main] o.f.c.i.command.clean.CleanExecutor      : Successfully cleaned schema "PUBLIC" (execution time 00:00.000s)
2023-09-23T11:24:05.746+10:00  INFO 593 --- [           main] o.f.c.i.command.clean.CleanExecutor      : Successfully dropped post-schema database level objects (execution time 00:00.000s)
]]></system-out>
  </testcase>
  <testcase name="updateNotification" classname="au.edu.rmit.sept.supermarkets.products.Repositories.NotificationsRepositoryImplTest" time="0.024">
    <system-out><![CDATA[2023-09-23T11:24:05.752+10:00  INFO 593 --- [           main] o.f.c.i.s.JdbcTableSchemaHistory         : Schema history table "PUBLIC"."flyway_schema_history" does not exist yet
2023-09-23T11:24:05.752+10:00  INFO 593 --- [           main] o.f.core.internal.command.DbValidate     : Successfully validated 22 migrations (execution time 00:00.003s)
2023-09-23T11:24:05.752+10:00  INFO 593 --- [           main] o.f.c.i.s.JdbcTableSchemaHistory         : Creating Schema History table "PUBLIC"."flyway_schema_history" ...
2023-09-23T11:24:05.753+10:00  INFO 593 --- [           main] o.f.core.internal.command.DbMigrate      : Current version of schema "PUBLIC": << Empty Schema >>
2023-09-23T11:24:05.754+10:00  INFO 593 --- [           main] o.f.core.internal.command.DbMigrate      : Migrating schema "PUBLIC" to version "1 - create customers"
2023-09-23T11:24:05.755+10:00  INFO 593 --- [           main] o.f.core.internal.command.DbMigrate      : Migrating schema "PUBLIC" to version "2 - create categories"
2023-09-23T11:24:05.756+10:00  INFO 593 --- [           main] o.f.core.internal.command.DbMigrate      : Migrating schema "PUBLIC" to version "3 - create products"
2023-09-23T11:24:05.757+10:00  INFO 593 --- [           main] o.f.core.internal.command.DbMigrate      : Migrating schema "PUBLIC" to version "4 - create notifications"
2023-09-23T11:24:05.757+10:00  INFO 593 --- [           main] o.f.core.internal.command.DbMigrate      : Migrating schema "PUBLIC" to version "5 - create deliveries"
2023-09-23T11:24:05.758+10:00  INFO 593 --- [           main] o.f.core.internal.command.DbMigrate      : Migrating schema "PUBLIC" to version "6 - create carts"
2023-09-23T11:24:05.759+10:00  INFO 593 --- [           main] o.f.core.internal.command.DbMigrate      : Migrating schema "PUBLIC" to version "7 - create current prices"
2023-09-23T11:24:05.760+10:00  INFO 593 --- [           main] o.f.core.internal.command.DbMigrate      : Migrating schema "PUBLIC" to version "8 - create cart contents"
2023-09-23T11:24:05.761+10:00  INFO 593 --- [           main] o.f.core.internal.command.DbMigrate      : Migrating schema "PUBLIC" to version "9 - create delivery contents"
2023-09-23T11:24:05.762+10:00  INFO 593 --- [           main] o.f.core.internal.command.DbMigrate      : Migrating schema "PUBLIC" to version "10 - create notifications associations"
2023-09-23T11:24:05.763+10:00  INFO 593 --- [           main] o.f.core.internal.command.DbMigrate      : Migrating schema "PUBLIC" to version "11 - create price histories"
2023-09-23T11:24:05.764+10:00  INFO 593 --- [           main] o.f.core.internal.command.DbMigrate      : Migrating schema "PUBLIC" to version "12 - insert customer"
2023-09-23T11:24:05.764+10:00  INFO 593 --- [           main] o.f.core.internal.command.DbMigrate      : Migrating schema "PUBLIC" to version "13 - insert categories"
2023-09-23T11:24:05.765+10:00  INFO 593 --- [           main] o.f.core.internal.command.DbMigrate      : Migrating schema "PUBLIC" to version "14 - insert product"
2023-09-23T11:24:05.766+10:00  INFO 593 --- [           main] o.f.core.internal.command.DbMigrate      : Migrating schema "PUBLIC" to version "15 - insert delivery"
2023-09-23T11:24:05.766+10:00  INFO 593 --- [           main] o.f.core.internal.command.DbMigrate      : Migrating schema "PUBLIC" to version "16 - insert cart"
2023-09-23T11:24:05.767+10:00  INFO 593 --- [           main] o.f.core.internal.command.DbMigrate      : Migrating schema "PUBLIC" to version "17 - insert notification"
2023-09-23T11:24:05.767+10:00  INFO 593 --- [           main] o.f.core.internal.command.DbMigrate      : Migrating schema "PUBLIC" to version "18 - insert cart contents"
2023-09-23T11:24:05.768+10:00  INFO 593 --- [           main] o.f.core.internal.command.DbMigrate      : Successfully applied 18 migrations to schema "PUBLIC", now at version v18 (execution time 00:00.014s)
2023-09-23T11:24:05.769+10:00  INFO 593 --- [           main] o.f.c.i.command.clean.CleanExecutor      : Successfully dropped pre-schema database level objects (execution time 00:00.000s)
2023-09-23T11:24:05.770+10:00  INFO 593 --- [           main] o.f.c.i.command.clean.CleanExecutor      : Successfully cleaned schema "PUBLIC" (execution time 00:00.000s)
2023-09-23T11:24:05.770+10:00  INFO 593 --- [           main] o.f.c.i.command.clean.CleanExecutor      : Successfully cleaned schema "PUBLIC" (execution time 00:00.000s)
2023-09-23T11:24:05.770+10:00  INFO 593 --- [           main] o.f.c.i.command.clean.CleanExecutor      : Successfully dropped post-schema database level objects (execution time 00:00.000s)
]]></system-out>
  </testcase>
  <testcase name="ReturnsWhenAvailable" classname="au.edu.rmit.sept.supermarkets.products.Repositories.NotificationsRepositoryImplTest" time="0.025">
    <system-out><![CDATA[2023-09-23T11:24:05.776+10:00  INFO 593 --- [           main] o.f.c.i.s.JdbcTableSchemaHistory         : Schema history table "PUBLIC"."flyway_schema_history" does not exist yet
2023-09-23T11:24:05.776+10:00  INFO 593 --- [           main] o.f.core.internal.command.DbValidate     : Successfully validated 22 migrations (execution time 00:00.003s)
2023-09-23T11:24:05.776+10:00  INFO 593 --- [           main] o.f.c.i.s.JdbcTableSchemaHistory         : Creating Schema History table "PUBLIC"."flyway_schema_history" ...
2023-09-23T11:24:05.777+10:00  INFO 593 --- [           main] o.f.core.internal.command.DbMigrate      : Current version of schema "PUBLIC": << Empty Schema >>
2023-09-23T11:24:05.777+10:00  INFO 593 --- [           main] o.f.core.internal.command.DbMigrate      : Migrating schema "PUBLIC" to version "1 - create customers"
2023-09-23T11:24:05.778+10:00  INFO 593 --- [           main] o.f.core.internal.command.DbMigrate      : Migrating schema "PUBLIC" to version "2 - create categories"
2023-09-23T11:24:05.780+10:00  INFO 593 --- [           main] o.f.core.internal.command.DbMigrate      : Migrating schema "PUBLIC" to version "3 - create products"
2023-09-23T11:24:05.781+10:00  INFO 593 --- [           main] o.f.core.internal.command.DbMigrate      : Migrating schema "PUBLIC" to version "4 - create notifications"
2023-09-23T11:24:05.781+10:00  INFO 593 --- [           main] o.f.core.internal.command.DbMigrate      : Migrating schema "PUBLIC" to version "5 - create deliveries"
2023-09-23T11:24:05.782+10:00  INFO 593 --- [           main] o.f.core.internal.command.DbMigrate      : Migrating schema "PUBLIC" to version "6 - create carts"
2023-09-23T11:24:05.783+10:00  INFO 593 --- [           main] o.f.core.internal.command.DbMigrate      : Migrating schema "PUBLIC" to version "7 - create current prices"
2023-09-23T11:24:05.784+10:00  INFO 593 --- [           main] o.f.core.internal.command.DbMigrate      : Migrating schema "PUBLIC" to version "8 - create cart contents"
2023-09-23T11:24:05.785+10:00  INFO 593 --- [           main] o.f.core.internal.command.DbMigrate      : Migrating schema "PUBLIC" to version "9 - create delivery contents"
2023-09-23T11:24:05.786+10:00  INFO 593 --- [           main] o.f.core.internal.command.DbMigrate      : Migrating schema "PUBLIC" to version "10 - create notifications associations"
2023-09-23T11:24:05.787+10:00  INFO 593 --- [           main] o.f.core.internal.command.DbMigrate      : Migrating schema "PUBLIC" to version "11 - create price histories"
2023-09-23T11:24:05.788+10:00  INFO 593 --- [           main] o.f.core.internal.command.DbMigrate      : Migrating schema "PUBLIC" to version "12 - insert customer"
2023-09-23T11:24:05.789+10:00  INFO 593 --- [           main] o.f.core.internal.command.DbMigrate      : Migrating schema "PUBLIC" to version "13 - insert categories"
2023-09-23T11:24:05.789+10:00  INFO 593 --- [           main] o.f.core.internal.command.DbMigrate      : Migrating schema "PUBLIC" to version "14 - insert product"
2023-09-23T11:24:05.790+10:00  INFO 593 --- [           main] o.f.core.internal.command.DbMigrate      : Migrating schema "PUBLIC" to version "15 - insert delivery"
2023-09-23T11:24:05.791+10:00  INFO 593 --- [           main] o.f.core.internal.command.DbMigrate      : Migrating schema "PUBLIC" to version "16 - insert cart"
2023-09-23T11:24:05.791+10:00  INFO 593 --- [           main] o.f.core.internal.command.DbMigrate      : Migrating schema "PUBLIC" to version "17 - insert notification"
2023-09-23T11:24:05.792+10:00  INFO 593 --- [           main] o.f.core.internal.command.DbMigrate      : Migrating schema "PUBLIC" to version "18 - insert cart contents"
2023-09-23T11:24:05.792+10:00  INFO 593 --- [           main] o.f.core.internal.command.DbMigrate      : Successfully applied 18 migrations to schema "PUBLIC", now at version v18 (execution time 00:00.015s)
2023-09-23T11:24:05.794+10:00  INFO 593 --- [           main] o.f.c.i.command.clean.CleanExecutor      : Successfully dropped pre-schema database level objects (execution time 00:00.000s)
2023-09-23T11:24:05.795+10:00  INFO 593 --- [           main] o.f.c.i.command.clean.CleanExecutor      : Successfully cleaned schema "PUBLIC" (execution time 00:00.000s)
2023-09-23T11:24:05.795+10:00  INFO 593 --- [           main] o.f.c.i.command.clean.CleanExecutor      : Successfully cleaned schema "PUBLIC" (execution time 00:00.000s)
2023-09-23T11:24:05.795+10:00  INFO 593 --- [           main] o.f.c.i.command.clean.CleanExecutor      : Successfully dropped post-schema database level objects (execution time 00:00.000s)
]]></system-out>
  </testcase>
  <testcase name="failDeleteNotification" classname="au.edu.rmit.sept.supermarkets.products.Repositories.NotificationsRepositoryImplTest" time="0.022">
    <system-out><![CDATA[2023-09-23T11:24:05.801+10:00  INFO 593 --- [           main] o.f.c.i.s.JdbcTableSchemaHistory         : Schema history table "PUBLIC"."flyway_schema_history" does not exist yet
2023-09-23T11:24:05.801+10:00  INFO 593 --- [           main] o.f.core.internal.command.DbValidate     : Successfully validated 22 migrations (execution time 00:00.003s)
2023-09-23T11:24:05.801+10:00  INFO 593 --- [           main] o.f.c.i.s.JdbcTableSchemaHistory         : Creating Schema History table "PUBLIC"."flyway_schema_history" ...
2023-09-23T11:24:05.802+10:00  INFO 593 --- [           main] o.f.core.internal.command.DbMigrate      : Current version of schema "PUBLIC": << Empty Schema >>
2023-09-23T11:24:05.802+10:00  INFO 593 --- [           main] o.f.core.internal.command.DbMigrate      : Migrating schema "PUBLIC" to version "1 - create customers"
2023-09-23T11:24:05.803+10:00  INFO 593 --- [           main] o.f.core.internal.command.DbMigrate      : Migrating schema "PUBLIC" to version "2 - create categories"
2023-09-23T11:24:05.804+10:00  INFO 593 --- [           main] o.f.core.internal.command.DbMigrate      : Migrating schema "PUBLIC" to version "3 - create products"
2023-09-23T11:24:05.805+10:00  INFO 593 --- [           main] o.f.core.internal.command.DbMigrate      : Migrating schema "PUBLIC" to version "4 - create notifications"
2023-09-23T11:24:05.806+10:00  INFO 593 --- [           main] o.f.core.internal.command.DbMigrate      : Migrating schema "PUBLIC" to version "5 - create deliveries"
2023-09-23T11:24:05.807+10:00  INFO 593 --- [           main] o.f.core.internal.command.DbMigrate      : Migrating schema "PUBLIC" to version "6 - create carts"
2023-09-23T11:24:05.807+10:00  INFO 593 --- [           main] o.f.core.internal.command.DbMigrate      : Migrating schema "PUBLIC" to version "7 - create current prices"
2023-09-23T11:24:05.808+10:00  INFO 593 --- [           main] o.f.core.internal.command.DbMigrate      : Migrating schema "PUBLIC" to version "8 - create cart contents"
2023-09-23T11:24:05.809+10:00  INFO 593 --- [           main] o.f.core.internal.command.DbMigrate      : Migrating schema "PUBLIC" to version "9 - create delivery contents"
2023-09-23T11:24:05.810+10:00  INFO 593 --- [           main] o.f.core.internal.command.DbMigrate      : Migrating schema "PUBLIC" to version "10 - create notifications associations"
2023-09-23T11:24:05.810+10:00  INFO 593 --- [           main] o.f.core.internal.command.DbMigrate      : Migrating schema "PUBLIC" to version "11 - create price histories"
2023-09-23T11:24:05.811+10:00  INFO 593 --- [           main] o.f.core.internal.command.DbMigrate      : Migrating schema "PUBLIC" to version "12 - insert customer"
2023-09-23T11:24:05.812+10:00  INFO 593 --- [           main] o.f.core.internal.command.DbMigrate      : Migrating schema "PUBLIC" to version "13 - insert categories"
2023-09-23T11:24:05.813+10:00  INFO 593 --- [           main] o.f.core.internal.command.DbMigrate      : Migrating schema "PUBLIC" to version "14 - insert product"
2023-09-23T11:24:05.813+10:00  INFO 593 --- [           main] o.f.core.internal.command.DbMigrate      : Migrating schema "PUBLIC" to version "15 - insert delivery"
2023-09-23T11:24:05.814+10:00  INFO 593 --- [           main] o.f.core.internal.command.DbMigrate      : Migrating schema "PUBLIC" to version "16 - insert cart"
2023-09-23T11:24:05.815+10:00  INFO 593 --- [           main] o.f.core.internal.command.DbMigrate      : Migrating schema "PUBLIC" to version "17 - insert notification"
2023-09-23T11:24:05.816+10:00  INFO 593 --- [           main] o.f.core.internal.command.DbMigrate      : Migrating schema "PUBLIC" to version "18 - insert cart contents"
2023-09-23T11:24:05.816+10:00  INFO 593 --- [           main] o.f.core.internal.command.DbMigrate      : Successfully applied 18 migrations to schema "PUBLIC", now at version v18 (execution time 00:00.013s)
2023-09-23T11:24:05.817+10:00  INFO 593 --- [           main] o.f.c.i.command.clean.CleanExecutor      : Successfully dropped pre-schema database level objects (execution time 00:00.000s)
2023-09-23T11:24:05.818+10:00  INFO 593 --- [           main] o.f.c.i.command.clean.CleanExecutor      : Successfully cleaned schema "PUBLIC" (execution time 00:00.000s)
2023-09-23T11:24:05.818+10:00  INFO 593 --- [           main] o.f.c.i.command.clean.CleanExecutor      : Successfully cleaned schema "PUBLIC" (execution time 00:00.000s)
2023-09-23T11:24:05.818+10:00  INFO 593 --- [           main] o.f.c.i.command.clean.CleanExecutor      : Successfully dropped post-schema database level objects (execution time 00:00.000s)
]]></system-out>
  </testcase>
</testsuite>