<?xml version="1.0" encoding="UTF-8"?>
<testsuite xmlns:xsi="http://www.w3.org/2001/XMLSchema-instance" xsi:noNamespaceSchemaLocation="https://maven.apache.org/surefire/maven-surefire-plugin/xsd/surefire-test-report-3.0.xsd" version="3.0" name="au.edu.rmit.sept.supermarkets.products.Repositories.DeliveryRepositoryImplTest" time="0.265" tests="7" errors="0" skipped="0" failures="0">
  <properties>
[...]
</properties>
  <testcase name="deleteDelivery" classname="au.edu.rmit.sept.supermarkets.products.Repositories.DeliveryRepositoryImplTest" time="0.046">
    <system-out><![CDATA[2023-09-23T11:24:05.284+10:00  INFO 593 --- [           main] t.c.s.AnnotationConfigContextLoaderUtils : Could not detect default configuration classes for test class [au.edu.rmit.sept.supermarkets.products.Repositories.DeliveryRepositoryImplTest]: DeliveryRepositoryImplTest does not declare any static, non-private, non-final, nested classes annotated with @Configuration.
2023-09-23T11:24:05.285+10:00  INFO 593 --- [           main] .b.t.c.SpringBootTestContextBootstrapper : Found @SpringBootConfiguration au.edu.rmit.sept.supermarkets.products.ProductsApplication for test class au.edu.rmit.sept.supermarkets.products.Repositories.DeliveryRepositoryImplTest
2023-09-23T11:24:05.293+10:00  INFO 593 --- [           main] o.f.c.i.s.JdbcTableSchemaHistory         : Schema history table "PUBLIC"."flyway_schema_history" does not exist yet
2023-09-23T11:24:05.293+10:00  INFO 593 --- [           main] o.f.core.internal.command.DbValidate     : Successfully validated 22 migrations (execution time 00:00.004s)
2023-09-23T11:24:05.293+10:00  INFO 593 --- [           main] o.f.c.i.s.JdbcTableSchemaHistory         : Creating Schema History table "PUBLIC"."flyway_schema_history" ...
2023-09-23T11:24:05.294+10:00  INFO 593 --- [           main] o.f.core.internal.command.DbMigrate      : Current version of schema "PUBLIC": << Empty Schema >>
2023-09-23T11:24:05.295+10:00  INFO 593 --- [           main] o.f.core.internal.command.DbMigrate      : Migrating schema "PUBLIC" to version "1 - create customers"
2023-09-23T11:24:05.296+10:00  INFO 593 --- [           main] o.f.core.internal.command.DbMigrate      : Migrating schema "PUBLIC" to version "2 - create categories"
2023-09-23T11:24:05.298+10:00  INFO 593 --- [           main] o.f.core.internal.command.DbMigrate      : Migrating schema "PUBLIC" to version "3 - create products"
2023-09-23T11:24:05.299+10:00  INFO 593 --- [           main] o.f.core.internal.command.DbMigrate      : Migrating schema "PUBLIC" to version "4 - create notifications"
2023-09-23T11:24:05.301+10:00  INFO 593 --- [           main] o.f.core.internal.command.DbMigrate      : Migrating schema "PUBLIC" to version "5 - create deliveries"
2023-09-23T11:24:05.302+10:00  INFO 593 --- [           main] o.f.core.internal.command.DbMigrate      : Migrating schema "PUBLIC" to version "6 - create carts"
2023-09-23T11:24:05.303+10:00  INFO 593 --- [           main] o.f.core.internal.command.DbMigrate      : Migrating schema "PUBLIC" to version "7 - create current prices"
2023-09-23T11:24:05.305+10:00  INFO 593 --- [           main] o.f.core.internal.command.DbMigrate      : Migrating schema "PUBLIC" to version "8 - create cart contents"
2023-09-23T11:24:05.308+10:00  INFO 593 --- [           main] o.f.core.internal.command.DbMigrate      : Migrating schema "PUBLIC" to version "9 - create delivery contents"
2023-09-23T11:24:05.310+10:00  INFO 593 --- [           main] o.f.core.internal.command.DbMigrate      : Migrating schema "PUBLIC" to version "10 - create notifications associations"
2023-09-23T11:24:05.311+10:00  INFO 593 --- [           main] o.f.core.internal.command.DbMigrate      : Migrating schema "PUBLIC" to version "11 - create price histories"
2023-09-23T11:24:05.313+10:00  INFO 593 --- [           main] o.f.core.internal.command.DbMigrate      : Migrating schema "PUBLIC" to version "12 - insert customer"
2023-09-23T11:24:05.315+10:00  INFO 593 --- [           main] o.f.core.internal.command.DbMigrate      : Migrating schema "PUBLIC" to version "13 - insert categories"
2023-09-23T11:24:05.316+10:00  INFO 593 --- [           main] o.f.core.internal.command.DbMigrate      : Migrating schema "PUBLIC" to version "14 - insert product"
2023-09-23T11:24:05.318+10:00  INFO 593 --- [           main] o.f.core.internal.command.DbMigrate      : Migrating schema "PUBLIC" to version "15 - insert delivery"
2023-09-23T11:24:05.319+10:00  INFO 593 --- [           main] o.f.core.internal.command.DbMigrate      : Migrating schema "PUBLIC" to version "16 - insert cart"
2023-09-23T11:24:05.320+10:00  INFO 593 --- [           main] o.f.core.internal.command.DbMigrate      : Migrating schema "PUBLIC" to version "17 - insert notification"
2023-09-23T11:24:05.321+10:00  INFO 593 --- [           main] o.f.core.internal.command.DbMigrate      : Migrating schema "PUBLIC" to version "18 - insert cart contents"
2023-09-23T11:24:05.322+10:00  INFO 593 --- [           main] o.f.core.internal.command.DbMigrate      : Successfully applied 18 migrations to schema "PUBLIC", now at version v18 (execution time 00:00.027s)
2023-09-23T11:24:05.330+10:00  INFO 593 --- [           main] o.f.c.i.command.clean.CleanExecutor      : Successfully dropped pre-schema database level objects (execution time 00:00.000s)
2023-09-23T11:24:05.331+10:00  INFO 593 --- [           main] o.f.c.i.command.clean.CleanExecutor      : Successfully cleaned schema "PUBLIC" (execution time 00:00.000s)
2023-09-23T11:24:05.331+10:00  INFO 593 --- [           main] o.f.c.i.command.clean.CleanExecutor      : Successfully cleaned schema "PUBLIC" (execution time 00:00.000s)
2023-09-23T11:24:05.331+10:00  INFO 593 --- [           main] o.f.c.i.command.clean.CleanExecutor      : Successfully dropped post-schema database level objects (execution time 00:00.000s)
]]></system-out>
  </testcase>
  <testcase name="updateDeliveryIncorrectId" classname="au.edu.rmit.sept.supermarkets.products.Repositories.DeliveryRepositoryImplTest" time="0.036">
    <system-out><![CDATA[2023-09-23T11:24:05.338+10:00  INFO 593 --- [           main] o.f.c.i.s.JdbcTableSchemaHistory         : Schema history table "PUBLIC"."flyway_schema_history" does not exist yet
2023-09-23T11:24:05.338+10:00  INFO 593 --- [           main] o.f.core.internal.command.DbValidate     : Successfully validated 22 migrations (execution time 00:00.003s)
2023-09-23T11:24:05.338+10:00  INFO 593 --- [           main] o.f.c.i.s.JdbcTableSchemaHistory         : Creating Schema History table "PUBLIC"."flyway_schema_history" ...
2023-09-23T11:24:05.340+10:00  INFO 593 --- [           main] o.f.core.internal.command.DbMigrate      : Current version of schema "PUBLIC": << Empty Schema >>
2023-09-23T11:24:05.341+10:00  INFO 593 --- [           main] o.f.core.internal.command.DbMigrate      : Migrating schema "PUBLIC" to version "1 - create customers"
2023-09-23T11:24:05.342+10:00  INFO 593 --- [           main] o.f.core.internal.command.DbMigrate      : Migrating schema "PUBLIC" to version "2 - create categories"
2023-09-23T11:24:05.344+10:00  INFO 593 --- [           main] o.f.core.internal.command.DbMigrate      : Migrating schema "PUBLIC" to version "3 - create products"
2023-09-23T11:24:05.345+10:00  INFO 593 --- [           main] o.f.core.internal.command.DbMigrate      : Migrating schema "PUBLIC" to version "4 - create notifications"
2023-09-23T11:24:05.347+10:00  INFO 593 --- [           main] o.f.core.internal.command.DbMigrate      : Migrating schema "PUBLIC" to version "5 - create deliveries"
2023-09-23T11:24:05.348+10:00  INFO 593 --- [           main] o.f.core.internal.command.DbMigrate      : Migrating schema "PUBLIC" to version "6 - create carts"
2023-09-23T11:24:05.349+10:00  INFO 593 --- [           main] o.f.core.internal.command.DbMigrate      : Migrating schema "PUBLIC" to version "7 - create current prices"
2023-09-23T11:24:05.350+10:00  INFO 593 --- [           main] o.f.core.internal.command.DbMigrate      : Migrating schema "PUBLIC" to version "8 - create cart contents"
2023-09-23T11:24:05.351+10:00  INFO 593 --- [           main] o.f.core.internal.command.DbMigrate      : Migrating schema "PUBLIC" to version "9 - create delivery contents"
2023-09-23T11:24:05.353+10:00  INFO 593 --- [           main] o.f.core.internal.command.DbMigrate      : Migrating schema "PUBLIC" to version "10 - create notifications associations"
2023-09-23T11:24:05.355+10:00  INFO 593 --- [           main] o.f.core.internal.command.DbMigrate      : Migrating schema "PUBLIC" to version "11 - create price histories"
2023-09-23T11:24:05.356+10:00  INFO 593 --- [           main] o.f.core.internal.command.DbMigrate      : Migrating schema "PUBLIC" to version "12 - insert customer"
2023-09-23T11:24:05.357+10:00  INFO 593 --- [           main] o.f.core.internal.command.DbMigrate      : Migrating schema "PUBLIC" to version "13 - insert categories"
2023-09-23T11:24:05.358+10:00  INFO 593 --- [           main] o.f.core.internal.command.DbMigrate      : Migrating schema "PUBLIC" to version "14 - insert product"
2023-09-23T11:24:05.359+10:00  INFO 593 --- [           main] o.f.core.internal.command.DbMigrate      : Migrating schema "PUBLIC" to version "15 - insert delivery"
2023-09-23T11:24:05.360+10:00  INFO 593 --- [           main] o.f.core.internal.command.DbMigrate      : Migrating schema "PUBLIC" to version "16 - insert cart"
2023-09-23T11:24:05.361+10:00  INFO 593 --- [           main] o.f.core.internal.command.DbMigrate      : Migrating schema "PUBLIC" to version "17 - insert notification"
2023-09-23T11:24:05.362+10:00  INFO 593 --- [           main] o.f.core.internal.command.DbMigrate      : Migrating schema "PUBLIC" to version "18 - insert cart contents"
2023-09-23T11:24:05.363+10:00  INFO 593 --- [           main] o.f.core.internal.command.DbMigrate      : Successfully applied 18 migrations to schema "PUBLIC", now at version v18 (execution time 00:00.022s)
2023-09-23T11:24:05.367+10:00  INFO 593 --- [           main] o.f.c.i.command.clean.CleanExecutor      : Successfully dropped pre-schema database level objects (execution time 00:00.000s)
2023-09-23T11:24:05.368+10:00  INFO 593 --- [           main] o.f.c.i.command.clean.CleanExecutor      : Successfully cleaned schema "PUBLIC" (execution time 00:00.000s)
2023-09-23T11:24:05.368+10:00  INFO 593 --- [           main] o.f.c.i.command.clean.CleanExecutor      : Successfully cleaned schema "PUBLIC" (execution time 00:00.000s)
2023-09-23T11:24:05.368+10:00  INFO 593 --- [           main] o.f.c.i.command.clean.CleanExecutor      : Successfully dropped post-schema database level objects (execution time 00:00.000s)
]]></system-out>
  </testcase>
  <testcase name="ReturnsWhenAvailable" classname="au.edu.rmit.sept.supermarkets.products.Repositories.DeliveryRepositoryImplTest" time="0.043">
    <system-out><![CDATA[2023-09-23T11:24:05.374+10:00  INFO 593 --- [           main] o.f.c.i.s.JdbcTableSchemaHistory         : Schema history table "PUBLIC"."flyway_schema_history" does not exist yet
2023-09-23T11:24:05.374+10:00  INFO 593 --- [           main] o.f.core.internal.command.DbValidate     : Successfully validated 22 migrations (execution time 00:00.003s)
2023-09-23T11:24:05.374+10:00  INFO 593 --- [           main] o.f.c.i.s.JdbcTableSchemaHistory         : Creating Schema History table "PUBLIC"."flyway_schema_history" ...
2023-09-23T11:24:05.375+10:00  INFO 593 --- [           main] o.f.core.internal.command.DbMigrate      : Current version of schema "PUBLIC": << Empty Schema >>
2023-09-23T11:24:05.376+10:00  INFO 593 --- [           main] o.f.core.internal.command.DbMigrate      : Migrating schema "PUBLIC" to version "1 - create customers"
2023-09-23T11:24:05.377+10:00  INFO 593 --- [           main] o.f.core.internal.command.DbMigrate      : Migrating schema "PUBLIC" to version "2 - create categories"
2023-09-23T11:24:05.379+10:00  INFO 593 --- [           main] o.f.core.internal.command.DbMigrate      : Migrating schema "PUBLIC" to version "3 - create products"
2023-09-23T11:24:05.380+10:00  INFO 593 --- [           main] o.f.core.internal.command.DbMigrate      : Migrating schema "PUBLIC" to version "4 - create notifications"
2023-09-23T11:24:05.381+10:00  INFO 593 --- [           main] o.f.core.internal.command.DbMigrate      : Migrating schema "PUBLIC" to version "5 - create deliveries"
2023-09-23T11:24:05.382+10:00  INFO 593 --- [           main] o.f.core.internal.command.DbMigrate      : Migrating schema "PUBLIC" to version "6 - create carts"
2023-09-23T11:24:05.384+10:00  INFO 593 --- [           main] o.f.core.internal.command.DbMigrate      : Migrating schema "PUBLIC" to version "7 - create current prices"
2023-09-23T11:24:05.385+10:00  INFO 593 --- [           main] o.f.core.internal.command.DbMigrate      : Migrating schema "PUBLIC" to version "8 - create cart contents"
2023-09-23T11:24:05.386+10:00  INFO 593 --- [           main] o.f.core.internal.command.DbMigrate      : Migrating schema "PUBLIC" to version "9 - create delivery contents"
2023-09-23T11:24:05.387+10:00  INFO 593 --- [           main] o.f.core.internal.command.DbMigrate      : Migrating schema "PUBLIC" to version "10 - create notifications associations"
2023-09-23T11:24:05.389+10:00  INFO 593 --- [           main] o.f.core.internal.command.DbMigrate      : Migrating schema "PUBLIC" to version "11 - create price histories"
2023-09-23T11:24:05.390+10:00  INFO 593 --- [           main] o.f.core.internal.command.DbMigrate      : Migrating schema "PUBLIC" to version "12 - insert customer"
2023-09-23T11:24:05.391+10:00  INFO 593 --- [           main] o.f.core.internal.command.DbMigrate      : Migrating schema "PUBLIC" to version "13 - insert categories"
2023-09-23T11:24:05.392+10:00  INFO 593 --- [           main] o.f.core.internal.command.DbMigrate      : Migrating schema "PUBLIC" to version "14 - insert product"
2023-09-23T11:24:05.393+10:00  INFO 593 --- [           main] o.f.core.internal.command.DbMigrate      : Migrating schema "PUBLIC" to version "15 - insert delivery"
2023-09-23T11:24:05.394+10:00  INFO 593 --- [           main] o.f.core.internal.command.DbMigrate      : Migrating schema "PUBLIC" to version "16 - insert cart"
2023-09-23T11:24:05.395+10:00  INFO 593 --- [           main] o.f.core.internal.command.DbMigrate      : Migrating schema "PUBLIC" to version "17 - insert notification"
2023-09-23T11:24:05.396+10:00  INFO 593 --- [           main] o.f.core.internal.command.DbMigrate      : Migrating schema "PUBLIC" to version "18 - insert cart contents"
2023-09-23T11:24:05.400+10:00  INFO 593 --- [           main] o.f.core.internal.command.DbMigrate      : Successfully applied 18 migrations to schema "PUBLIC", now at version v18 (execution time 00:00.024s)
2023-09-23T11:24:05.402+10:00  INFO 593 --- [           main] o.f.c.i.command.clean.CleanExecutor      : Successfully dropped pre-schema database level objects (execution time 00:00.000s)
2023-09-23T11:24:05.411+10:00  INFO 593 --- [           main] o.f.c.i.command.clean.CleanExecutor      : Successfully cleaned schema "PUBLIC" (execution time 00:00.008s)
2023-09-23T11:24:05.411+10:00  INFO 593 --- [           main] o.f.c.i.command.clean.CleanExecutor      : Successfully cleaned schema "PUBLIC" (execution time 00:00.000s)
2023-09-23T11:24:05.411+10:00  INFO 593 --- [           main] o.f.c.i.command.clean.CleanExecutor      : Successfully dropped post-schema database level objects (execution time 00:00.000s)
]]></system-out>
  </testcase>
  <testcase name="updateDeliveryCorrectId" classname="au.edu.rmit.sept.supermarkets.products.Repositories.DeliveryRepositoryImplTest" time="0.035">
    <system-out><![CDATA[2023-09-23T11:24:05.418+10:00  INFO 593 --- [           main] o.f.c.i.s.JdbcTableSchemaHistory         : Schema history table "PUBLIC"."flyway_schema_history" does not exist yet
2023-09-23T11:24:05.418+10:00  INFO 593 --- [           main] o.f.core.internal.command.DbValidate     : Successfully validated 22 migrations (execution time 00:00.004s)
2023-09-23T11:24:05.418+10:00  INFO 593 --- [           main] o.f.c.i.s.JdbcTableSchemaHistory         : Creating Schema History table "PUBLIC"."flyway_schema_history" ...
2023-09-23T11:24:05.419+10:00  INFO 593 --- [           main] o.f.core.internal.command.DbMigrate      : Current version of schema "PUBLIC": << Empty Schema >>
2023-09-23T11:24:05.420+10:00  INFO 593 --- [           main] o.f.core.internal.command.DbMigrate      : Migrating schema "PUBLIC" to version "1 - create customers"
2023-09-23T11:24:05.421+10:00  INFO 593 --- [           main] o.f.core.internal.command.DbMigrate      : Migrating schema "PUBLIC" to version "2 - create categories"
2023-09-23T11:24:05.422+10:00  INFO 593 --- [           main] o.f.core.internal.command.DbMigrate      : Migrating schema "PUBLIC" to version "3 - create products"
2023-09-23T11:24:05.423+10:00  INFO 593 --- [           main] o.f.core.internal.command.DbMigrate      : Migrating schema "PUBLIC" to version "4 - create notifications"
2023-09-23T11:24:05.424+10:00  INFO 593 --- [           main] o.f.core.internal.command.DbMigrate      : Migrating schema "PUBLIC" to version "5 - create deliveries"
2023-09-23T11:24:05.425+10:00  INFO 593 --- [           main] o.f.core.internal.command.DbMigrate      : Migrating schema "PUBLIC" to version "6 - create carts"
2023-09-23T11:24:05.428+10:00  INFO 593 --- [           main] o.f.core.internal.command.DbMigrate      : Migrating schema "PUBLIC" to version "7 - create current prices"
2023-09-23T11:24:05.429+10:00  INFO 593 --- [           main] o.f.core.internal.command.DbMigrate      : Migrating schema "PUBLIC" to version "8 - create cart contents"
2023-09-23T11:24:05.431+10:00  INFO 593 --- [           main] o.f.core.internal.command.DbMigrate      : Migrating schema "PUBLIC" to version "9 - create delivery contents"
2023-09-23T11:24:05.432+10:00  INFO 593 --- [           main] o.f.core.internal.command.DbMigrate      : Migrating schema "PUBLIC" to version "10 - create notifications associations"
2023-09-23T11:24:05.434+10:00  INFO 593 --- [           main] o.f.core.internal.command.DbMigrate      : Migrating schema "PUBLIC" to version "11 - create price histories"
2023-09-23T11:24:05.437+10:00  INFO 593 --- [           main] o.f.core.internal.command.DbMigrate      : Migrating schema "PUBLIC" to version "12 - insert customer"
2023-09-23T11:24:05.438+10:00  INFO 593 --- [           main] o.f.core.internal.command.DbMigrate      : Migrating schema "PUBLIC" to version "13 - insert categories"
2023-09-23T11:24:05.439+10:00  INFO 593 --- [           main] o.f.core.internal.command.DbMigrate      : Migrating schema "PUBLIC" to version "14 - insert product"
2023-09-23T11:24:05.440+10:00  INFO 593 --- [           main] o.f.core.internal.command.DbMigrate      : Migrating schema "PUBLIC" to version "15 - insert delivery"
2023-09-23T11:24:05.441+10:00  INFO 593 --- [           main] o.f.core.internal.command.DbMigrate      : Migrating schema "PUBLIC" to version "16 - insert cart"
2023-09-23T11:24:05.442+10:00  INFO 593 --- [           main] o.f.core.internal.command.DbMigrate      : Migrating schema "PUBLIC" to version "17 - insert notification"
2023-09-23T11:24:05.443+10:00  INFO 593 --- [           main] o.f.core.internal.command.DbMigrate      : Migrating schema "PUBLIC" to version "18 - insert cart contents"
2023-09-23T11:24:05.443+10:00  INFO 593 --- [           main] o.f.core.internal.command.DbMigrate      : Successfully applied 18 migrations to schema "PUBLIC", now at version v18 (execution time 00:00.024s)
2023-09-23T11:24:05.445+10:00  INFO 593 --- [           main] o.f.c.i.command.clean.CleanExecutor      : Successfully dropped pre-schema database level objects (execution time 00:00.000s)
2023-09-23T11:24:05.446+10:00  INFO 593 --- [           main] o.f.c.i.command.clean.CleanExecutor      : Successfully cleaned schema "PUBLIC" (execution time 00:00.001s)
2023-09-23T11:24:05.447+10:00  INFO 593 --- [           main] o.f.c.i.command.clean.CleanExecutor      : Successfully cleaned schema "PUBLIC" (execution time 00:00.000s)
2023-09-23T11:24:05.447+10:00  INFO 593 --- [           main] o.f.c.i.command.clean.CleanExecutor      : Successfully dropped post-schema database level objects (execution time 00:00.000s)
]]></system-out>
  </testcase>
  <testcase name="deleteDeliveryNotFound" classname="au.edu.rmit.sept.supermarkets.products.Repositories.DeliveryRepositoryImplTest" time="0.028">
    <system-out><![CDATA[2023-09-23T11:24:05.453+10:00  INFO 593 --- [           main] o.f.c.i.s.JdbcTableSchemaHistory         : Schema history table "PUBLIC"."flyway_schema_history" does not exist yet
2023-09-23T11:24:05.453+10:00  INFO 593 --- [           main] o.f.core.internal.command.DbValidate     : Successfully validated 22 migrations (execution time 00:00.003s)
2023-09-23T11:24:05.453+10:00  INFO 593 --- [           main] o.f.c.i.s.JdbcTableSchemaHistory         : Creating Schema History table "PUBLIC"."flyway_schema_history" ...
2023-09-23T11:24:05.454+10:00  INFO 593 --- [           main] o.f.core.internal.command.DbMigrate      : Current version of schema "PUBLIC": << Empty Schema >>
2023-09-23T11:24:05.454+10:00  INFO 593 --- [           main] o.f.core.internal.command.DbMigrate      : Migrating schema "PUBLIC" to version "1 - create customers"
2023-09-23T11:24:05.456+10:00  INFO 593 --- [           main] o.f.core.internal.command.DbMigrate      : Migrating schema "PUBLIC" to version "2 - create categories"
2023-09-23T11:24:05.457+10:00  INFO 593 --- [           main] o.f.core.internal.command.DbMigrate      : Migrating schema "PUBLIC" to version "3 - create products"
2023-09-23T11:24:05.458+10:00  INFO 593 --- [           main] o.f.core.internal.command.DbMigrate      : Migrating schema "PUBLIC" to version "4 - create notifications"
2023-09-23T11:24:05.459+10:00  INFO 593 --- [           main] o.f.core.internal.command.DbMigrate      : Migrating schema "PUBLIC" to version "5 - create deliveries"
2023-09-23T11:24:05.460+10:00  INFO 593 --- [           main] o.f.core.internal.command.DbMigrate      : Migrating schema "PUBLIC" to version "6 - create carts"
2023-09-23T11:24:05.461+10:00  INFO 593 --- [           main] o.f.core.internal.command.DbMigrate      : Migrating schema "PUBLIC" to version "7 - create current prices"
2023-09-23T11:24:05.462+10:00  INFO 593 --- [           main] o.f.core.internal.command.DbMigrate      : Migrating schema "PUBLIC" to version "8 - create cart contents"
2023-09-23T11:24:05.463+10:00  INFO 593 --- [           main] o.f.core.internal.command.DbMigrate      : Migrating schema "PUBLIC" to version "9 - create delivery contents"
2023-09-23T11:24:05.464+10:00  INFO 593 --- [           main] o.f.core.internal.command.DbMigrate      : Migrating schema "PUBLIC" to version "10 - create notifications associations"
2023-09-23T11:24:05.465+10:00  INFO 593 --- [           main] o.f.core.internal.command.DbMigrate      : Migrating schema "PUBLIC" to version "11 - create price histories"
2023-09-23T11:24:05.467+10:00  INFO 593 --- [           main] o.f.core.internal.command.DbMigrate      : Migrating schema "PUBLIC" to version "12 - insert customer"
2023-09-23T11:24:05.468+10:00  INFO 593 --- [           main] o.f.core.internal.command.DbMigrate      : Migrating schema "PUBLIC" to version "13 - insert categories"
2023-09-23T11:24:05.468+10:00  INFO 593 --- [           main] o.f.core.internal.command.DbMigrate      : Migrating schema "PUBLIC" to version "14 - insert product"
2023-09-23T11:24:05.469+10:00  INFO 593 --- [           main] o.f.core.internal.command.DbMigrate      : Migrating schema "PUBLIC" to version "15 - insert delivery"
2023-09-23T11:24:05.470+10:00  INFO 593 --- [           main] o.f.core.internal.command.DbMigrate      : Migrating schema "PUBLIC" to version "16 - insert cart"
2023-09-23T11:24:05.471+10:00  INFO 593 --- [           main] o.f.core.internal.command.DbMigrate      : Migrating schema "PUBLIC" to version "17 - insert notification"
2023-09-23T11:24:05.472+10:00  INFO 593 --- [           main] o.f.core.internal.command.DbMigrate      : Migrating schema "PUBLIC" to version "18 - insert cart contents"
2023-09-23T11:24:05.473+10:00  INFO 593 --- [           main] o.f.core.internal.command.DbMigrate      : Successfully applied 18 migrations to schema "PUBLIC", now at version v18 (execution time 00:00.018s)
2023-09-23T11:24:05.475+10:00  INFO 593 --- [           main] o.f.c.i.command.clean.CleanExecutor      : Successfully dropped pre-schema database level objects (execution time 00:00.000s)
2023-09-23T11:24:05.476+10:00  INFO 593 --- [           main] o.f.c.i.command.clean.CleanExecutor      : Successfully cleaned schema "PUBLIC" (execution time 00:00.000s)
2023-09-23T11:24:05.476+10:00  INFO 593 --- [           main] o.f.c.i.command.clean.CleanExecutor      : Successfully cleaned schema "PUBLIC" (execution time 00:00.000s)
2023-09-23T11:24:05.476+10:00  INFO 593 --- [           main] o.f.c.i.command.clean.CleanExecutor      : Successfully dropped post-schema database level objects (execution time 00:00.000s)
]]></system-out>
  </testcase>
  <testcase name="returnsContents" classname="au.edu.rmit.sept.supermarkets.products.Repositories.DeliveryRepositoryImplTest" time="0.031">
    <system-out><![CDATA[2023-09-23T11:24:05.482+10:00  INFO 593 --- [           main] o.f.c.i.s.JdbcTableSchemaHistory         : Schema history table "PUBLIC"."flyway_schema_history" does not exist yet
2023-09-23T11:24:05.482+10:00  INFO 593 --- [           main] o.f.core.internal.command.DbValidate     : Successfully validated 22 migrations (execution time 00:00.003s)
2023-09-23T11:24:05.482+10:00  INFO 593 --- [           main] o.f.c.i.s.JdbcTableSchemaHistory         : Creating Schema History table "PUBLIC"."flyway_schema_history" ...
2023-09-23T11:24:05.483+10:00  INFO 593 --- [           main] o.f.core.internal.command.DbMigrate      : Current version of schema "PUBLIC": << Empty Schema >>
2023-09-23T11:24:05.484+10:00  INFO 593 --- [           main] o.f.core.internal.command.DbMigrate      : Migrating schema "PUBLIC" to version "1 - create customers"
2023-09-23T11:24:05.485+10:00  INFO 593 --- [           main] o.f.core.internal.command.DbMigrate      : Migrating schema "PUBLIC" to version "2 - create categories"
2023-09-23T11:24:05.486+10:00  INFO 593 --- [           main] o.f.core.internal.command.DbMigrate      : Migrating schema "PUBLIC" to version "3 - create products"
2023-09-23T11:24:05.488+10:00  INFO 593 --- [           main] o.f.core.internal.command.DbMigrate      : Migrating schema "PUBLIC" to version "4 - create notifications"
2023-09-23T11:24:05.489+10:00  INFO 593 --- [           main] o.f.core.internal.command.DbMigrate      : Migrating schema "PUBLIC" to version "5 - create deliveries"
2023-09-23T11:24:05.490+10:00  INFO 593 --- [           main] o.f.core.internal.command.DbMigrate      : Migrating schema "PUBLIC" to version "6 - create carts"
2023-09-23T11:24:05.491+10:00  INFO 593 --- [           main] o.f.core.internal.command.DbMigrate      : Migrating schema "PUBLIC" to version "7 - create current prices"
2023-09-23T11:24:05.493+10:00  INFO 593 --- [           main] o.f.core.internal.command.DbMigrate      : Migrating schema "PUBLIC" to version "8 - create cart contents"
2023-09-23T11:24:05.494+10:00  INFO 593 --- [           main] o.f.core.internal.command.DbMigrate      : Migrating schema "PUBLIC" to version "9 - create delivery contents"
2023-09-23T11:24:05.496+10:00  INFO 593 --- [           main] o.f.core.internal.command.DbMigrate      : Migrating schema "PUBLIC" to version "10 - create notifications associations"
2023-09-23T11:24:05.497+10:00  INFO 593 --- [           main] o.f.core.internal.command.DbMigrate      : Migrating schema "PUBLIC" to version "11 - create price histories"
2023-09-23T11:24:05.498+10:00  INFO 593 --- [           main] o.f.core.internal.command.DbMigrate      : Migrating schema "PUBLIC" to version "12 - insert customer"
2023-09-23T11:24:05.499+10:00  INFO 593 --- [           main] o.f.core.internal.command.DbMigrate      : Migrating schema "PUBLIC" to version "13 - insert categories"
2023-09-23T11:24:05.500+10:00  INFO 593 --- [           main] o.f.core.internal.command.DbMigrate      : Migrating schema "PUBLIC" to version "14 - insert product"
2023-09-23T11:24:05.501+10:00  INFO 593 --- [           main] o.f.core.internal.command.DbMigrate      : Migrating schema "PUBLIC" to version "15 - insert delivery"
2023-09-23T11:24:05.501+10:00  INFO 593 --- [           main] o.f.core.internal.command.DbMigrate      : Migrating schema "PUBLIC" to version "16 - insert cart"
2023-09-23T11:24:05.502+10:00  INFO 593 --- [           main] o.f.core.internal.command.DbMigrate      : Migrating schema "PUBLIC" to version "17 - insert notification"
2023-09-23T11:24:05.503+10:00  INFO 593 --- [           main] o.f.core.internal.command.DbMigrate      : Migrating schema "PUBLIC" to version "18 - insert cart contents"
2023-09-23T11:24:05.503+10:00  INFO 593 --- [           main] o.f.core.internal.command.DbMigrate      : Successfully applied 18 migrations to schema "PUBLIC", now at version v18 (execution time 00:00.019s)
2023-09-23T11:24:05.507+10:00  INFO 593 --- [           main] o.f.c.i.command.clean.CleanExecutor      : Successfully dropped pre-schema database level objects (execution time 00:00.000s)
2023-09-23T11:24:05.508+10:00  INFO 593 --- [           main] o.f.c.i.command.clean.CleanExecutor      : Successfully cleaned schema "PUBLIC" (execution time 00:00.000s)
2023-09-23T11:24:05.508+10:00  INFO 593 --- [           main] o.f.c.i.command.clean.CleanExecutor      : Successfully cleaned schema "PUBLIC" (execution time 00:00.000s)
2023-09-23T11:24:05.508+10:00  INFO 593 --- [           main] o.f.c.i.command.clean.CleanExecutor      : Successfully dropped post-schema database level objects (execution time 00:00.000s)
]]></system-out>
  </testcase>
  <testcase name="insertDelivery" classname="au.edu.rmit.sept.supermarkets.products.Repositories.DeliveryRepositoryImplTest" time="0.039">
    <system-out><![CDATA[2023-09-23T11:24:05.514+10:00  INFO 593 --- [           main] o.f.c.i.s.JdbcTableSchemaHistory         : Schema history table "PUBLIC"."flyway_schema_history" does not exist yet
2023-09-23T11:24:05.514+10:00  INFO 593 --- [           main] o.f.core.internal.command.DbValidate     : Successfully validated 22 migrations (execution time 00:00.003s)
2023-09-23T11:24:05.514+10:00  INFO 593 --- [           main] o.f.c.i.s.JdbcTableSchemaHistory         : Creating Schema History table "PUBLIC"."flyway_schema_history" ...
2023-09-23T11:24:05.515+10:00  INFO 593 --- [           main] o.f.core.internal.command.DbMigrate      : Current version of schema "PUBLIC": << Empty Schema >>
2023-09-23T11:24:05.516+10:00  INFO 593 --- [           main] o.f.core.internal.command.DbMigrate      : Migrating schema "PUBLIC" to version "1 - create customers"
2023-09-23T11:24:05.516+10:00  INFO 593 --- [           main] o.f.core.internal.command.DbMigrate      : Migrating schema "PUBLIC" to version "2 - create categories"
2023-09-23T11:24:05.525+10:00  INFO 593 --- [           main] o.f.core.internal.command.DbMigrate      : Migrating schema "PUBLIC" to version "3 - create products"
2023-09-23T11:24:05.526+10:00  INFO 593 --- [           main] o.f.core.internal.command.DbMigrate      : Migrating schema "PUBLIC" to version "4 - create notifications"
2023-09-23T11:24:05.527+10:00  INFO 593 --- [           main] o.f.core.internal.command.DbMigrate      : Migrating schema "PUBLIC" to version "5 - create deliveries"
2023-09-23T11:24:05.528+10:00  INFO 593 --- [           main] o.f.core.internal.command.DbMigrate      : Migrating schema "PUBLIC" to version "6 - create carts"
2023-09-23T11:24:05.529+10:00  INFO 593 --- [           main] o.f.core.internal.command.DbMigrate      : Migrating schema "PUBLIC" to version "7 - create current prices"
2023-09-23T11:24:05.530+10:00  INFO 593 --- [           main] o.f.core.internal.command.DbMigrate      : Migrating schema "PUBLIC" to version "8 - create cart contents"
2023-09-23T11:24:05.531+10:00  INFO 593 --- [           main] o.f.core.internal.command.DbMigrate      : Migrating schema "PUBLIC" to version "9 - create delivery contents"
2023-09-23T11:24:05.532+10:00  INFO 593 --- [           main] o.f.core.internal.command.DbMigrate      : Migrating schema "PUBLIC" to version "10 - create notifications associations"
2023-09-23T11:24:05.533+10:00  INFO 593 --- [           main] o.f.core.internal.command.DbMigrate      : Migrating schema "PUBLIC" to version "11 - create price histories"
2023-09-23T11:24:05.539+10:00  INFO 593 --- [           main] o.f.core.internal.command.DbMigrate      : Migrating schema "PUBLIC" to version "12 - insert customer"
2023-09-23T11:24:05.540+10:00  INFO 593 --- [           main] o.f.core.internal.command.DbMigrate      : Migrating schema "PUBLIC" to version "13 - insert categories"
2023-09-23T11:24:05.540+10:00  INFO 593 --- [           main] o.f.core.internal.command.DbMigrate      : Migrating schema "PUBLIC" to version "14 - insert product"
2023-09-23T11:24:05.541+10:00  INFO 593 --- [           main] o.f.core.internal.command.DbMigrate      : Migrating schema "PUBLIC" to version "15 - insert delivery"
2023-09-23T11:24:05.542+10:00  INFO 593 --- [           main] o.f.core.internal.command.DbMigrate      : Migrating schema "PUBLIC" to version "16 - insert cart"
2023-09-23T11:24:05.543+10:00  INFO 593 --- [           main] o.f.core.internal.command.DbMigrate      : Migrating schema "PUBLIC" to version "17 - insert notification"
2023-09-23T11:24:05.543+10:00  INFO 593 --- [           main] o.f.core.internal.command.DbMigrate      : Migrating schema "PUBLIC" to version "18 - insert cart contents"
2023-09-23T11:24:05.544+10:00  INFO 593 --- [           main] o.f.core.internal.command.DbMigrate      : Successfully applied 18 migrations to schema "PUBLIC", now at version v18 (execution time 00:00.028s)
2023-09-23T11:24:05.546+10:00  INFO 593 --- [           main] o.f.c.i.command.clean.CleanExecutor      : Successfully dropped pre-schema database level objects (execution time 00:00.000s)
2023-09-23T11:24:05.547+10:00  INFO 593 --- [           main] o.f.c.i.command.clean.CleanExecutor      : Successfully cleaned schema "PUBLIC" (execution time 00:00.000s)
2023-09-23T11:24:05.547+10:00  INFO 593 --- [           main] o.f.c.i.command.clean.CleanExecutor      : Successfully cleaned schema "PUBLIC" (execution time 00:00.000s)
2023-09-23T11:24:05.547+10:00  INFO 593 --- [           main] o.f.c.i.command.clean.CleanExecutor      : Successfully dropped post-schema database level objects (execution time 00:00.000s)
]]></system-out>
  </testcase>
</testsuite>